<?xml version="1.0" encoding="UTF-8"?>
<coverage generated="1535858605157" clover="3.2.0">
  <project timestamp="1535858605158" name="All files">
    <metrics statements="138" coveredstatements="119" conditionals="40" coveredconditionals="29" methods="24" coveredmethods="21" elements="202" coveredelements="169" complexity="0" loc="138" ncloc="138" packages="2" files="4" classes="4">
      <package name="DoublyLinkedList">
        <metrics statements="83" coveredstatements="72" conditionals="24" coveredconditionals="18" methods="14" coveredmethods="12"/>
        <file name="DoublyLinkedList.js" path="/Users/rafaelrozon/workspace/roseta_stone/js/DoublyLinkedList/DoublyLinkedList.js">
          <metrics statements="76" coveredstatements="67" conditionals="24" coveredconditionals="18" methods="10" coveredmethods="10"/>
          <line num="1" count="1" type="stmt"/>
          <line num="5" count="8" type="stmt"/>
          <line num="6" count="8" type="stmt"/>
          <line num="7" count="8" type="stmt"/>
          <line num="11" count="19" type="stmt"/>
          <line num="14" count="19" type="cond" truecount="2" falsecount="0"/>
          <line num="15" count="6" type="stmt"/>
          <line num="16" count="6" type="stmt"/>
          <line num="18" count="13" type="stmt"/>
          <line num="19" count="13" type="stmt"/>
          <line num="20" count="13" type="stmt"/>
          <line num="23" count="19" type="stmt"/>
          <line num="25" count="19" type="stmt"/>
          <line num="29" count="4" type="stmt"/>
          <line num="32" count="4" type="cond" truecount="2" falsecount="0"/>
          <line num="33" count="2" type="stmt"/>
          <line num="34" count="2" type="stmt"/>
          <line num="36" count="2" type="stmt"/>
          <line num="37" count="2" type="stmt"/>
          <line num="38" count="2" type="stmt"/>
          <line num="41" count="4" type="stmt"/>
          <line num="43" count="4" type="stmt"/>
          <line num="47" count="2" type="stmt"/>
          <line num="49" count="2" type="cond" truecount="1" falsecount="1"/>
          <line num="50" count="0" type="stmt"/>
          <line num="51" count="0" type="stmt"/>
          <line num="53" count="2" type="stmt"/>
          <line num="55" count="2" type="cond" truecount="2" falsecount="0"/>
          <line num="56" count="1" type="stmt"/>
          <line num="59" count="2" type="cond" truecount="2" falsecount="0"/>
          <line num="60" count="1" type="stmt"/>
          <line num="61" count="1" type="stmt"/>
          <line num="62" count="1" type="cond" truecount="1" falsecount="1"/>
          <line num="63" count="0" type="stmt"/>
          <line num="65" count="1" type="stmt"/>
          <line num="66" count="1" type="stmt"/>
          <line num="67" count="1" type="stmt"/>
          <line num="68" count="1" type="stmt"/>
          <line num="72" count="2" type="stmt"/>
          <line num="74" count="2" type="stmt"/>
          <line num="78" count="1" type="stmt"/>
          <line num="80" count="1" type="cond" truecount="1" falsecount="1"/>
          <line num="81" count="0" type="stmt"/>
          <line num="82" count="0" type="stmt"/>
          <line num="84" count="1" type="stmt"/>
          <line num="86" count="1" type="cond" truecount="2" falsecount="0"/>
          <line num="87" count="1" type="stmt"/>
          <line num="90" count="1" type="cond" truecount="1" falsecount="1"/>
          <line num="91" count="0" type="stmt"/>
          <line num="92" count="0" type="stmt"/>
          <line num="93" count="1" type="cond" truecount="1" falsecount="1"/>
          <line num="94" count="0" type="stmt"/>
          <line num="96" count="1" type="stmt"/>
          <line num="97" count="1" type="stmt"/>
          <line num="98" count="1" type="stmt"/>
          <line num="99" count="1" type="stmt"/>
          <line num="103" count="1" type="stmt"/>
          <line num="107" count="1" type="cond" truecount="1" falsecount="1"/>
          <line num="108" count="0" type="stmt"/>
          <line num="110" count="1" type="stmt"/>
          <line num="111" count="1" type="cond" truecount="2" falsecount="0"/>
          <line num="112" count="2" type="stmt"/>
          <line num="115" count="1" type="stmt"/>
          <line num="116" count="1" type="stmt"/>
          <line num="119" count="1" type="stmt"/>
          <line num="123" count="9" type="stmt"/>
          <line num="127" count="7" type="stmt"/>
          <line num="131" count="5" type="stmt"/>
          <line num="135" count="7" type="stmt"/>
          <line num="137" count="7" type="stmt"/>
          <line num="139" count="7" type="stmt"/>
          <line num="140" count="29" type="stmt"/>
          <line num="141" count="29" type="stmt"/>
          <line num="144" count="7" type="stmt"/>
          <line num="146" count="7" type="stmt"/>
          <line num="150" count="1" type="stmt"/>
        </file>
        <file name="Node.js" path="/Users/rafaelrozon/workspace/roseta_stone/js/DoublyLinkedList/Node.js">
          <metrics statements="7" coveredstatements="5" conditionals="0" coveredconditionals="0" methods="4" coveredmethods="2"/>
          <line num="3" count="26" type="stmt"/>
          <line num="4" count="26" type="stmt"/>
          <line num="5" count="26" type="stmt"/>
          <line num="9" count="21" type="stmt"/>
          <line num="13" count="0" type="stmt"/>
          <line num="17" count="0" type="stmt"/>
          <line num="21" count="1" type="stmt"/>
        </file>
      </package>
      <package name="LinkedList">
        <metrics statements="55" coveredstatements="47" conditionals="16" coveredconditionals="11" methods="10" coveredmethods="9"/>
        <file name="LinkedList.js" path="/Users/rafaelrozon/workspace/roseta_stone/js/LinkedList/LinkedList.js">
          <metrics statements="52" coveredstatements="44" conditionals="16" coveredconditionals="11" methods="9" coveredmethods="8"/>
          <line num="1" count="1" type="stmt"/>
          <line num="5" count="4" type="stmt"/>
          <line num="6" count="4" type="stmt"/>
          <line num="11" count="4" type="cond" truecount="2" falsecount="0"/>
          <line num="12" count="1" type="stmt"/>
          <line num="13" count="1" type="stmt"/>
          <line num="16" count="3" type="stmt"/>
          <line num="17" count="3" type="stmt"/>
          <line num="18" count="3" type="stmt"/>
          <line num="20" count="4" type="stmt"/>
          <line num="25" count="13" type="cond" truecount="2" falsecount="0"/>
          <line num="27" count="3" type="stmt"/>
          <line num="31" count="10" type="stmt"/>
          <line num="33" count="10" type="stmt"/>
          <line num="34" count="13" type="stmt"/>
          <line num="37" count="10" type="stmt"/>
          <line num="40" count="13" type="stmt"/>
          <line num="45" count="1" type="stmt"/>
          <line num="47" count="1" type="stmt"/>
          <line num="49" count="4" type="cond" truecount="2" falsecount="0"/>
          <line num="50" count="1" type="stmt"/>
          <line num="53" count="3" type="stmt"/>
          <line num="56" count="1" type="stmt"/>
          <line num="61" count="1" type="cond" truecount="3" falsecount="1"/>
          <line num="62" count="0" type="stmt"/>
          <line num="65" count="1" type="stmt"/>
          <line num="66" count="1" type="stmt"/>
          <line num="69" count="1" type="cond" truecount="2" falsecount="0"/>
          <line num="70" count="2" type="stmt"/>
          <line num="71" count="2" type="stmt"/>
          <line num="74" count="1" type="stmt"/>
          <line num="78" count="1" type="stmt"/>
          <line num="80" count="1" type="stmt"/>
          <line num="83" count="1" type="stmt"/>
          <line num="85" count="1" type="stmt"/>
          <line num="90" count="1" type="stmt"/>
          <line num="92" count="1" type="stmt"/>
          <line num="94" count="1" type="stmt"/>
          <line num="95" count="3" type="stmt"/>
          <line num="96" count="3" type="stmt"/>
          <line num="99" count="1" type="stmt"/>
          <line num="101" count="1" type="stmt"/>
          <line num="107" count="0" type="cond" truecount="0" falsecount="2"/>
          <line num="108" count="0" type="stmt"/>
          <line num="111" count="0" type="stmt"/>
          <line num="115" count="0" type="cond" truecount="0" falsecount="2"/>
          <line num="116" count="0" type="stmt"/>
          <line num="119" count="0" type="stmt"/>
          <line num="122" count="0" type="stmt"/>
          <line num="126" count="1" type="stmt"/>
          <line num="130" count="2" type="stmt"/>
          <line num="134" count="1" type="stmt"/>
        </file>
        <file name="Node.js" path="/Users/rafaelrozon/workspace/roseta_stone/js/LinkedList/Node.js">
          <metrics statements="3" coveredstatements="3" conditionals="0" coveredconditionals="0" methods="1" coveredmethods="1"/>
          <line num="3" count="17" type="stmt"/>
          <line num="4" count="17" type="stmt"/>
          <line num="8" count="1" type="stmt"/>
        </file>
      </package>
    </metrics>
  </project>
</coverage>
