{"/Users/rafaelrozon/workspace/roseta_stone/js/DoublyLinkedList/DoublyLinkedList.js": {"path":"/Users/rafaelrozon/workspace/roseta_stone/js/DoublyLinkedList/DoublyLinkedList.js","statementMap":{"0":{"start":{"line":1,"column":13},"end":{"line":1,"column":30}},"1":{"start":{"line":5,"column":8},"end":{"line":5,"column":30}},"2":{"start":{"line":6,"column":8},"end":{"line":6,"column":30}},"3":{"start":{"line":7,"column":8},"end":{"line":7,"column":24}},"4":{"start":{"line":11,"column":21},"end":{"line":11,"column":34}},"5":{"start":{"line":14,"column":8},"end":{"line":21,"column":9}},"6":{"start":{"line":15,"column":12},"end":{"line":15,"column":29}},"7":{"start":{"line":16,"column":12},"end":{"line":16,"column":29}},"8":{"start":{"line":18,"column":12},"end":{"line":18,"column":34}},"9":{"start":{"line":19,"column":12},"end":{"line":19,"column":34}},"10":{"start":{"line":20,"column":12},"end":{"line":20,"column":29}},"11":{"start":{"line":23,"column":8},"end":{"line":23,"column":25}},"12":{"start":{"line":25,"column":8},"end":{"line":25,"column":25}},"13":{"start":{"line":29,"column":24},"end":{"line":29,"column":37}},"14":{"start":{"line":32,"column":8},"end":{"line":39,"column":9}},"15":{"start":{"line":33,"column":12},"end":{"line":33,"column":32}},"16":{"start":{"line":34,"column":12},"end":{"line":34,"column":32}},"17":{"start":{"line":36,"column":12},"end":{"line":36,"column":37}},"18":{"start":{"line":37,"column":12},"end":{"line":37,"column":37}},"19":{"start":{"line":38,"column":12},"end":{"line":38,"column":32}},"20":{"start":{"line":41,"column":8},"end":{"line":41,"column":25}},"21":{"start":{"line":43,"column":8},"end":{"line":43,"column":25}},"22":{"start":{"line":47,"column":24},"end":{"line":47,"column":47}},"23":{"start":{"line":49,"column":8},"end":{"line":70,"column":9}},"24":{"start":{"line":50,"column":12},"end":{"line":50,"column":32}},"25":{"start":{"line":51,"column":12},"end":{"line":51,"column":32}},"26":{"start":{"line":53,"column":26},"end":{"line":53,"column":35}},"27":{"start":{"line":55,"column":12},"end":{"line":57,"column":13}},"28":{"start":{"line":56,"column":16},"end":{"line":56,"column":39}},"29":{"start":{"line":59,"column":12},"end":{"line":69,"column":13}},"30":{"start":{"line":60,"column":16},"end":{"line":60,"column":42}},"31":{"start":{"line":61,"column":16},"end":{"line":61,"column":46}},"32":{"start":{"line":62,"column":19},"end":{"line":69,"column":13}},"33":{"start":{"line":63,"column":16},"end":{"line":63,"column":46}},"34":{"start":{"line":65,"column":16},"end":{"line":65,"column":44}},"35":{"start":{"line":66,"column":16},"end":{"line":66,"column":39}},"36":{"start":{"line":67,"column":16},"end":{"line":67,"column":39}},"37":{"start":{"line":68,"column":16},"end":{"line":68,"column":44}},"38":{"start":{"line":72,"column":8},"end":{"line":72,"column":25}},"39":{"start":{"line":74,"column":8},"end":{"line":74,"column":25}},"40":{"start":{"line":78,"column":24},"end":{"line":78,"column":47}},"41":{"start":{"line":80,"column":8},"end":{"line":101,"column":9}},"42":{"start":{"line":81,"column":12},"end":{"line":81,"column":32}},"43":{"start":{"line":82,"column":12},"end":{"line":82,"column":32}},"44":{"start":{"line":84,"column":26},"end":{"line":84,"column":35}},"45":{"start":{"line":86,"column":12},"end":{"line":88,"column":13}},"46":{"start":{"line":87,"column":16},"end":{"line":87,"column":39}},"47":{"start":{"line":90,"column":12},"end":{"line":100,"column":13}},"48":{"start":{"line":91,"column":16},"end":{"line":91,"column":42}},"49":{"start":{"line":92,"column":16},"end":{"line":92,"column":46}},"50":{"start":{"line":93,"column":19},"end":{"line":100,"column":13}},"51":{"start":{"line":94,"column":16},"end":{"line":94,"column":46}},"52":{"start":{"line":96,"column":16},"end":{"line":96,"column":39}},"53":{"start":{"line":97,"column":16},"end":{"line":97,"column":44}},"54":{"start":{"line":98,"column":16},"end":{"line":98,"column":44}},"55":{"start":{"line":99,"column":16},"end":{"line":99,"column":39}},"56":{"start":{"line":103,"column":8},"end":{"line":103,"column":25}},"57":{"start":{"line":107,"column":8},"end":{"line":117,"column":9}},"58":{"start":{"line":108,"column":12},"end":{"line":108,"column":84}},"59":{"start":{"line":110,"column":26},"end":{"line":110,"column":35}},"60":{"start":{"line":111,"column":12},"end":{"line":113,"column":13}},"61":{"start":{"line":112,"column":16},"end":{"line":112,"column":39}},"62":{"start":{"line":115,"column":12},"end":{"line":115,"column":45}},"63":{"start":{"line":116,"column":12},"end":{"line":116,"column":45}},"64":{"start":{"line":119,"column":8},"end":{"line":119,"column":25}},"65":{"start":{"line":123,"column":8},"end":{"line":123,"column":27}},"66":{"start":{"line":127,"column":8},"end":{"line":127,"column":25}},"67":{"start":{"line":131,"column":8},"end":{"line":131,"column":25}},"68":{"start":{"line":135,"column":19},"end":{"line":135,"column":28}},"69":{"start":{"line":137,"column":20},"end":{"line":137,"column":22}},"70":{"start":{"line":139,"column":8},"end":{"line":142,"column":9}},"71":{"start":{"line":140,"column":12},"end":{"line":140,"column":33}},"72":{"start":{"line":141,"column":12},"end":{"line":141,"column":29}},"73":{"start":{"line":144,"column":8},"end":{"line":144,"column":36}},"74":{"start":{"line":146,"column":8},"end":{"line":146,"column":19}},"75":{"start":{"line":150,"column":0},"end":{"line":150,"column":34}}},"fnMap":{"0":{"name":"(anonymous_0)","decl":{"start":{"line":4,"column":4},"end":{"line":4,"column":5}},"loc":{"start":{"line":4,"column":18},"end":{"line":8,"column":5}},"line":4},"1":{"name":"(anonymous_1)","decl":{"start":{"line":10,"column":4},"end":{"line":10,"column":5}},"loc":{"start":{"line":10,"column":19},"end":{"line":26,"column":5}},"line":10},"2":{"name":"(anonymous_2)","decl":{"start":{"line":28,"column":4},"end":{"line":28,"column":5}},"loc":{"start":{"line":28,"column":19},"end":{"line":44,"column":5}},"line":28},"3":{"name":"(anonymous_3)","decl":{"start":{"line":46,"column":4},"end":{"line":46,"column":5}},"loc":{"start":{"line":46,"column":50},"end":{"line":75,"column":5}},"line":46},"4":{"name":"(anonymous_4)","decl":{"start":{"line":77,"column":4},"end":{"line":77,"column":5}},"loc":{"start":{"line":77,"column":49},"end":{"line":104,"column":5}},"line":77},"5":{"name":"(anonymous_5)","decl":{"start":{"line":106,"column":4},"end":{"line":106,"column":5}},"loc":{"start":{"line":106,"column":32},"end":{"line":120,"column":5}},"line":106},"6":{"name":"(anonymous_6)","decl":{"start":{"line":122,"column":4},"end":{"line":122,"column":5}},"loc":{"start":{"line":122,"column":16},"end":{"line":124,"column":5}},"line":122},"7":{"name":"(anonymous_7)","decl":{"start":{"line":126,"column":4},"end":{"line":126,"column":5}},"loc":{"start":{"line":126,"column":14},"end":{"line":128,"column":5}},"line":126},"8":{"name":"(anonymous_8)","decl":{"start":{"line":130,"column":4},"end":{"line":130,"column":5}},"loc":{"start":{"line":130,"column":14},"end":{"line":132,"column":5}},"line":130},"9":{"name":"(anonymous_9)","decl":{"start":{"line":134,"column":4},"end":{"line":134,"column":5}},"loc":{"start":{"line":134,"column":16},"end":{"line":147,"column":5}},"line":134}},"branchMap":{"0":{"loc":{"start":{"line":14,"column":8},"end":{"line":21,"column":9}},"type":"if","locations":[{"start":{"line":14,"column":8},"end":{"line":21,"column":9}},{"start":{"line":14,"column":8},"end":{"line":21,"column":9}}],"line":14},"1":{"loc":{"start":{"line":32,"column":8},"end":{"line":39,"column":9}},"type":"if","locations":[{"start":{"line":32,"column":8},"end":{"line":39,"column":9}},{"start":{"line":32,"column":8},"end":{"line":39,"column":9}}],"line":32},"2":{"loc":{"start":{"line":49,"column":8},"end":{"line":70,"column":9}},"type":"if","locations":[{"start":{"line":49,"column":8},"end":{"line":70,"column":9}},{"start":{"line":49,"column":8},"end":{"line":70,"column":9}}],"line":49},"3":{"loc":{"start":{"line":55,"column":19},"end":{"line":55,"column":82}},"type":"binary-expr","locations":[{"start":{"line":55,"column":19},"end":{"line":55,"column":40}},{"start":{"line":55,"column":44},"end":{"line":55,"column":82}}],"line":55},"4":{"loc":{"start":{"line":59,"column":12},"end":{"line":69,"column":13}},"type":"if","locations":[{"start":{"line":59,"column":12},"end":{"line":69,"column":13}},{"start":{"line":59,"column":12},"end":{"line":69,"column":13}}],"line":59},"5":{"loc":{"start":{"line":62,"column":19},"end":{"line":69,"column":13}},"type":"if","locations":[{"start":{"line":62,"column":19},"end":{"line":69,"column":13}},{"start":{"line":62,"column":19},"end":{"line":69,"column":13}}],"line":62},"6":{"loc":{"start":{"line":80,"column":8},"end":{"line":101,"column":9}},"type":"if","locations":[{"start":{"line":80,"column":8},"end":{"line":101,"column":9}},{"start":{"line":80,"column":8},"end":{"line":101,"column":9}}],"line":80},"7":{"loc":{"start":{"line":86,"column":19},"end":{"line":86,"column":82}},"type":"binary-expr","locations":[{"start":{"line":86,"column":19},"end":{"line":86,"column":40}},{"start":{"line":86,"column":44},"end":{"line":86,"column":82}}],"line":86},"8":{"loc":{"start":{"line":90,"column":12},"end":{"line":100,"column":13}},"type":"if","locations":[{"start":{"line":90,"column":12},"end":{"line":100,"column":13}},{"start":{"line":90,"column":12},"end":{"line":100,"column":13}}],"line":90},"9":{"loc":{"start":{"line":93,"column":19},"end":{"line":100,"column":13}},"type":"if","locations":[{"start":{"line":93,"column":19},"end":{"line":100,"column":13}},{"start":{"line":93,"column":19},"end":{"line":100,"column":13}}],"line":93},"10":{"loc":{"start":{"line":107,"column":8},"end":{"line":117,"column":9}},"type":"if","locations":[{"start":{"line":107,"column":8},"end":{"line":117,"column":9}},{"start":{"line":107,"column":8},"end":{"line":117,"column":9}}],"line":107},"11":{"loc":{"start":{"line":111,"column":19},"end":{"line":111,"column":82}},"type":"binary-expr","locations":[{"start":{"line":111,"column":19},"end":{"line":111,"column":40}},{"start":{"line":111,"column":44},"end":{"line":111,"column":82}}],"line":111}},"s":{"0":1,"1":8,"2":8,"3":8,"4":19,"5":19,"6":6,"7":6,"8":13,"9":13,"10":13,"11":19,"12":19,"13":4,"14":4,"15":2,"16":2,"17":2,"18":2,"19":2,"20":4,"21":4,"22":2,"23":2,"24":0,"25":0,"26":2,"27":2,"28":1,"29":2,"30":1,"31":1,"32":1,"33":0,"34":1,"35":1,"36":1,"37":1,"38":2,"39":2,"40":1,"41":1,"42":0,"43":0,"44":1,"45":1,"46":1,"47":1,"48":0,"49":0,"50":1,"51":0,"52":1,"53":1,"54":1,"55":1,"56":1,"57":1,"58":0,"59":1,"60":1,"61":2,"62":1,"63":1,"64":1,"65":9,"66":7,"67":5,"68":7,"69":7,"70":7,"71":29,"72":29,"73":7,"74":7,"75":1},"f":{"0":8,"1":19,"2":4,"3":2,"4":1,"5":1,"6":9,"7":7,"8":5,"9":7},"b":{"0":[6,13],"1":[2,2],"2":[0,2],"3":[3,3],"4":[1,1],"5":[0,1],"6":[0,1],"7":[2,2],"8":[0,1],"9":[0,1],"10":[0,1],"11":[3,3]},"_coverageSchema":"332fd63041d2c1bcb487cc26dd0d5f7d97098a6c","hash":"374d27ee76294b7b14f6bfe23130eee58a0851fa"}
,"/Users/rafaelrozon/workspace/roseta_stone/js/DoublyLinkedList/Node.js": {"path":"/Users/rafaelrozon/workspace/roseta_stone/js/DoublyLinkedList/Node.js","statementMap":{"0":{"start":{"line":3,"column":8},"end":{"line":3,"column":27}},"1":{"start":{"line":4,"column":8},"end":{"line":4,"column":25}},"2":{"start":{"line":5,"column":8},"end":{"line":5,"column":25}},"3":{"start":{"line":9,"column":8},"end":{"line":9,"column":26}},"4":{"start":{"line":13,"column":8},"end":{"line":13,"column":25}},"5":{"start":{"line":17,"column":8},"end":{"line":17,"column":25}},"6":{"start":{"line":21,"column":0},"end":{"line":21,"column":22}}},"fnMap":{"0":{"name":"(anonymous_0)","decl":{"start":{"line":2,"column":4},"end":{"line":2,"column":5}},"loc":{"start":{"line":2,"column":35},"end":{"line":6,"column":5}},"line":2},"1":{"name":"(anonymous_1)","decl":{"start":{"line":8,"column":4},"end":{"line":8,"column":5}},"loc":{"start":{"line":8,"column":15},"end":{"line":10,"column":5}},"line":8},"2":{"name":"(anonymous_2)","decl":{"start":{"line":12,"column":4},"end":{"line":12,"column":5}},"loc":{"start":{"line":12,"column":14},"end":{"line":14,"column":5}},"line":12},"3":{"name":"(anonymous_3)","decl":{"start":{"line":16,"column":4},"end":{"line":16,"column":5}},"loc":{"start":{"line":16,"column":18},"end":{"line":18,"column":5}},"line":16}},"branchMap":{},"s":{"0":26,"1":26,"2":26,"3":21,"4":0,"5":0,"6":1},"f":{"0":26,"1":21,"2":0,"3":0},"b":{},"_coverageSchema":"332fd63041d2c1bcb487cc26dd0d5f7d97098a6c","hash":"9dcb12dafb024b9f6fc9717a44ba18d63d57581b"}
,"/Users/rafaelrozon/workspace/roseta_stone/js/LinkedList/LinkedList.js": {"path":"/Users/rafaelrozon/workspace/roseta_stone/js/LinkedList/LinkedList.js","statementMap":{"0":{"start":{"line":1,"column":13},"end":{"line":1,"column":30}},"1":{"start":{"line":5,"column":8},"end":{"line":5,"column":30}},"2":{"start":{"line":6,"column":8},"end":{"line":6,"column":24}},"3":{"start":{"line":11,"column":8},"end":{"line":19,"column":8}},"4":{"start":{"line":12,"column":25},"end":{"line":12,"column":40}},"5":{"start":{"line":13,"column":12},"end":{"line":13,"column":29}},"6":{"start":{"line":16,"column":25},"end":{"line":16,"column":40}},"7":{"start":{"line":17,"column":12},"end":{"line":17,"column":34}},"8":{"start":{"line":18,"column":12},"end":{"line":18,"column":29}},"9":{"start":{"line":20,"column":7},"end":{"line":20,"column":24}},"10":{"start":{"line":25,"column":8},"end":{"line":38,"column":9}},"11":{"start":{"line":27,"column":12},"end":{"line":27,"column":41}},"12":{"start":{"line":31,"column":23},"end":{"line":31,"column":32}},"13":{"start":{"line":33,"column":12},"end":{"line":35,"column":13}},"14":{"start":{"line":34,"column":16},"end":{"line":34,"column":33}},"15":{"start":{"line":37,"column":12},"end":{"line":37,"column":39}},"16":{"start":{"line":40,"column":8},"end":{"line":40,"column":25}},"17":{"start":{"line":45,"column":19},"end":{"line":45,"column":28}},"18":{"start":{"line":47,"column":8},"end":{"line":54,"column":9}},"19":{"start":{"line":49,"column":12},"end":{"line":51,"column":13}},"20":{"start":{"line":50,"column":16},"end":{"line":50,"column":22}},"21":{"start":{"line":53,"column":12},"end":{"line":53,"column":29}},"22":{"start":{"line":56,"column":8},"end":{"line":56,"column":20}},"23":{"start":{"line":61,"column":8},"end":{"line":63,"column":9}},"24":{"start":{"line":62,"column":12},"end":{"line":62,"column":24}},"25":{"start":{"line":65,"column":17},"end":{"line":65,"column":26}},"26":{"start":{"line":66,"column":17},"end":{"line":66,"column":31}},"27":{"start":{"line":69,"column":8},"end":{"line":72,"column":9}},"28":{"start":{"line":70,"column":12},"end":{"line":70,"column":25}},"29":{"start":{"line":71,"column":12},"end":{"line":71,"column":25}},"30":{"start":{"line":74,"column":8},"end":{"line":74,"column":25}},"31":{"start":{"line":78,"column":8},"end":{"line":78,"column":26}},"32":{"start":{"line":80,"column":8},"end":{"line":80,"column":25}},"33":{"start":{"line":83,"column":8},"end":{"line":83,"column":18}},"34":{"start":{"line":85,"column":8},"end":{"line":85,"column":27}},"35":{"start":{"line":90,"column":19},"end":{"line":90,"column":28}},"36":{"start":{"line":92,"column":20},"end":{"line":92,"column":22}},"37":{"start":{"line":94,"column":8},"end":{"line":97,"column":9}},"38":{"start":{"line":95,"column":12},"end":{"line":95,"column":33}},"39":{"start":{"line":96,"column":12},"end":{"line":96,"column":29}},"40":{"start":{"line":99,"column":8},"end":{"line":99,"column":36}},"41":{"start":{"line":101,"column":8},"end":{"line":101,"column":19}},"42":{"start":{"line":107,"column":8},"end":{"line":109,"column":9}},"43":{"start":{"line":108,"column":12},"end":{"line":108,"column":24}},"44":{"start":{"line":111,"column":21},"end":{"line":111,"column":30}},"45":{"start":{"line":115,"column":8},"end":{"line":120,"column":9}},"46":{"start":{"line":116,"column":12},"end":{"line":116,"column":39}},"47":{"start":{"line":119,"column":12},"end":{"line":119,"column":29}},"48":{"start":{"line":122,"column":8},"end":{"line":122,"column":20}},"49":{"start":{"line":126,"column":8},"end":{"line":126,"column":27}},"50":{"start":{"line":130,"column":8},"end":{"line":130,"column":25}},"51":{"start":{"line":134,"column":0},"end":{"line":134,"column":28}}},"fnMap":{"0":{"name":"(anonymous_0)","decl":{"start":{"line":4,"column":4},"end":{"line":4,"column":5}},"loc":{"start":{"line":4,"column":18},"end":{"line":7,"column":5}},"line":4},"1":{"name":"(anonymous_1)","decl":{"start":{"line":9,"column":4},"end":{"line":9,"column":5}},"loc":{"start":{"line":9,"column":21},"end":{"line":21,"column":5}},"line":9},"2":{"name":"(anonymous_2)","decl":{"start":{"line":23,"column":4},"end":{"line":23,"column":5}},"loc":{"start":{"line":23,"column":21},"end":{"line":41,"column":5}},"line":23},"3":{"name":"(anonymous_3)","decl":{"start":{"line":43,"column":4},"end":{"line":43,"column":5}},"loc":{"start":{"line":43,"column":23},"end":{"line":57,"column":5}},"line":43},"4":{"name":"(anonymous_4)","decl":{"start":{"line":59,"column":4},"end":{"line":59,"column":5}},"loc":{"start":{"line":59,"column":25},"end":{"line":87,"column":5}},"line":59},"5":{"name":"(anonymous_5)","decl":{"start":{"line":89,"column":4},"end":{"line":89,"column":5}},"loc":{"start":{"line":89,"column":16},"end":{"line":103,"column":5}},"line":89},"6":{"name":"(anonymous_6)","decl":{"start":{"line":105,"column":4},"end":{"line":105,"column":5}},"loc":{"start":{"line":105,"column":17},"end":{"line":123,"column":5}},"line":105},"7":{"name":"(anonymous_7)","decl":{"start":{"line":125,"column":4},"end":{"line":125,"column":5}},"loc":{"start":{"line":125,"column":16},"end":{"line":127,"column":5}},"line":125},"8":{"name":"(anonymous_8)","decl":{"start":{"line":129,"column":4},"end":{"line":129,"column":5}},"loc":{"start":{"line":129,"column":14},"end":{"line":131,"column":5}},"line":129}},"branchMap":{"0":{"loc":{"start":{"line":11,"column":8},"end":{"line":19,"column":8}},"type":"if","locations":[{"start":{"line":11,"column":8},"end":{"line":19,"column":8}},{"start":{"line":11,"column":8},"end":{"line":19,"column":8}}],"line":11},"1":{"loc":{"start":{"line":25,"column":8},"end":{"line":38,"column":9}},"type":"if","locations":[{"start":{"line":25,"column":8},"end":{"line":38,"column":9}},{"start":{"line":25,"column":8},"end":{"line":38,"column":9}}],"line":25},"2":{"loc":{"start":{"line":49,"column":12},"end":{"line":51,"column":13}},"type":"if","locations":[{"start":{"line":49,"column":12},"end":{"line":51,"column":13}},{"start":{"line":49,"column":12},"end":{"line":51,"column":13}}],"line":49},"3":{"loc":{"start":{"line":61,"column":8},"end":{"line":63,"column":9}},"type":"if","locations":[{"start":{"line":61,"column":8},"end":{"line":63,"column":9}},{"start":{"line":61,"column":8},"end":{"line":63,"column":9}}],"line":61},"4":{"loc":{"start":{"line":61,"column":12},"end":{"line":61,"column":41}},"type":"binary-expr","locations":[{"start":{"line":61,"column":12},"end":{"line":61,"column":22}},{"start":{"line":61,"column":26},"end":{"line":61,"column":41}}],"line":61},"5":{"loc":{"start":{"line":69,"column":15},"end":{"line":69,"column":44}},"type":"binary-expr","locations":[{"start":{"line":69,"column":15},"end":{"line":69,"column":33}},{"start":{"line":69,"column":37},"end":{"line":69,"column":44}}],"line":69},"6":{"loc":{"start":{"line":107,"column":8},"end":{"line":109,"column":9}},"type":"if","locations":[{"start":{"line":107,"column":8},"end":{"line":109,"column":9}},{"start":{"line":107,"column":8},"end":{"line":109,"column":9}}],"line":107},"7":{"loc":{"start":{"line":115,"column":8},"end":{"line":120,"column":9}},"type":"if","locations":[{"start":{"line":115,"column":8},"end":{"line":120,"column":9}},{"start":{"line":115,"column":8},"end":{"line":120,"column":9}}],"line":115}},"s":{"0":1,"1":4,"2":4,"3":4,"4":1,"5":1,"6":3,"7":3,"8":3,"9":4,"10":13,"11":3,"12":10,"13":10,"14":13,"15":10,"16":13,"17":1,"18":1,"19":4,"20":1,"21":3,"22":1,"23":1,"24":0,"25":1,"26":1,"27":1,"28":2,"29":2,"30":1,"31":1,"32":1,"33":1,"34":1,"35":1,"36":1,"37":1,"38":3,"39":3,"40":1,"41":1,"42":0,"43":0,"44":0,"45":0,"46":0,"47":0,"48":0,"49":1,"50":2,"51":1},"f":{"0":4,"1":4,"2":13,"3":1,"4":1,"5":1,"6":0,"7":1,"8":2},"b":{"0":[1,3],"1":[3,10],"2":[1,3],"3":[0,1],"4":[1,1],"5":[3,2],"6":[0,0],"7":[0,0]},"_coverageSchema":"332fd63041d2c1bcb487cc26dd0d5f7d97098a6c","hash":"0efe7ba23cfef534916aa37fe6f3f985bbe3d61a"}
,"/Users/rafaelrozon/workspace/roseta_stone/js/LinkedList/Node.js": {"path":"/Users/rafaelrozon/workspace/roseta_stone/js/LinkedList/Node.js","statementMap":{"0":{"start":{"line":3,"column":8},"end":{"line":3,"column":27}},"1":{"start":{"line":4,"column":8},"end":{"line":4,"column":25}},"2":{"start":{"line":8,"column":0},"end":{"line":8,"column":22}}},"fnMap":{"0":{"name":"(anonymous_0)","decl":{"start":{"line":2,"column":4},"end":{"line":2,"column":5}},"loc":{"start":{"line":2,"column":29},"end":{"line":5,"column":5}},"line":2}},"branchMap":{},"s":{"0":17,"1":17,"2":1},"f":{"0":17},"b":{},"_coverageSchema":"332fd63041d2c1bcb487cc26dd0d5f7d97098a6c","hash":"1b8b2fec767e5db425e11f8ffae97bd785f0984d"}
}
