TN:
SF:/Users/rafaelrozon/workspace/roseta_stone/js/DoublyLinkedList/DoublyLinkedList.js
FN:4,(anonymous_0)
FN:10,(anonymous_1)
FN:28,(anonymous_2)
FN:46,(anonymous_3)
FN:77,(anonymous_4)
FN:110,(anonymous_5)
FN:135,(anonymous_6)
FN:139,(anonymous_7)
FN:143,(anonymous_8)
FN:147,(anonymous_9)
FNF:10
FNH:10
FNDA:12,(anonymous_0)
FNDA:36,(anonymous_1)
FNDA:5,(anonymous_2)
FNDA:2,(anonymous_3)
FNDA:3,(anonymous_4)
FNDA:3,(anonymous_5)
FNDA:15,(anonymous_6)
FNDA:9,(anonymous_7)
FNDA:7,(anonymous_8)
FNDA:13,(anonymous_9)
DA:1,1
DA:5,12
DA:6,12
DA:7,12
DA:11,36
DA:14,36
DA:15,10
DA:16,10
DA:18,26
DA:19,26
DA:20,26
DA:23,36
DA:25,36
DA:29,5
DA:32,5
DA:33,2
DA:34,2
DA:36,3
DA:37,3
DA:38,3
DA:41,5
DA:43,5
DA:47,2
DA:49,2
DA:50,0
DA:51,0
DA:53,2
DA:55,2
DA:56,1
DA:59,2
DA:60,1
DA:61,1
DA:62,1
DA:63,0
DA:65,1
DA:66,1
DA:67,1
DA:68,1
DA:72,2
DA:74,2
DA:78,3
DA:80,3
DA:81,0
DA:82,0
DA:83,0
DA:85,3
DA:87,3
DA:88,3
DA:91,3
DA:92,1
DA:93,1
DA:94,2
DA:95,1
DA:98,1
DA:99,1
DA:100,1
DA:101,1
DA:103,1
DA:111,3
DA:112,0
DA:114,3
DA:115,3
DA:116,6
DA:119,3
DA:120,1
DA:121,1
DA:122,2
DA:123,1
DA:124,1
DA:126,1
DA:127,1
DA:132,3
DA:136,15
DA:140,9
DA:144,7
DA:148,13
DA:150,13
DA:152,13
DA:153,55
DA:154,55
DA:157,13
DA:159,13
DA:163,1
LF:83
LH:76
BRDA:14,0,0,10
BRDA:14,0,1,26
BRDA:32,1,0,2
BRDA:32,1,1,3
BRDA:49,2,0,0
BRDA:49,2,1,2
BRDA:55,3,0,3
BRDA:55,3,1,3
BRDA:59,4,0,1
BRDA:59,4,1,1
BRDA:62,5,0,0
BRDA:62,5,1,1
BRDA:80,6,0,0
BRDA:80,6,1,3
BRDA:87,7,0,6
BRDA:87,7,1,6
BRDA:91,8,0,1
BRDA:91,8,1,2
BRDA:94,9,0,1
BRDA:94,9,1,1
BRDA:111,10,0,0
BRDA:111,10,1,3
BRDA:115,11,0,9
BRDA:115,11,1,9
BRDA:119,12,0,1
BRDA:119,12,1,2
BRDA:122,13,0,1
BRDA:122,13,1,1
BRF:28
BRH:24
end_of_record
TN:
SF:/Users/rafaelrozon/workspace/roseta_stone/js/DoublyLinkedList/Node.js
FN:2,(anonymous_0)
FN:8,(anonymous_1)
FN:12,(anonymous_2)
FN:16,(anonymous_3)
FNF:4
FNH:2
FNDA:46,(anonymous_0)
FNDA:35,(anonymous_1)
FNDA:0,(anonymous_2)
FNDA:0,(anonymous_3)
DA:3,46
DA:4,46
DA:5,46
DA:9,35
DA:13,0
DA:17,0
DA:21,1
LF:7
LH:5
BRF:0
BRH:0
end_of_record
TN:
SF:/Users/rafaelrozon/workspace/roseta_stone/js/LinkedList/LinkedList.js
FN:4,(anonymous_0)
FN:9,(anonymous_1)
FN:23,(anonymous_2)
FN:43,(anonymous_3)
FN:59,(anonymous_4)
FN:89,(anonymous_5)
FN:105,(anonymous_6)
FN:125,(anonymous_7)
FN:129,(anonymous_8)
FNF:9
FNH:8
FNDA:4,(anonymous_0)
FNDA:4,(anonymous_1)
FNDA:13,(anonymous_2)
FNDA:1,(anonymous_3)
FNDA:1,(anonymous_4)
FNDA:1,(anonymous_5)
FNDA:0,(anonymous_6)
FNDA:1,(anonymous_7)
FNDA:2,(anonymous_8)
DA:1,1
DA:5,4
DA:6,4
DA:11,4
DA:12,1
DA:13,1
DA:16,3
DA:17,3
DA:18,3
DA:20,4
DA:25,13
DA:27,3
DA:31,10
DA:33,10
DA:34,13
DA:37,10
DA:40,13
DA:45,1
DA:47,1
DA:49,4
DA:50,1
DA:53,3
DA:56,1
DA:61,1
DA:62,0
DA:65,1
DA:66,1
DA:69,1
DA:70,2
DA:71,2
DA:74,1
DA:78,1
DA:80,1
DA:83,1
DA:85,1
DA:90,1
DA:92,1
DA:94,1
DA:95,3
DA:96,3
DA:99,1
DA:101,1
DA:107,0
DA:108,0
DA:111,0
DA:115,0
DA:116,0
DA:119,0
DA:122,0
DA:126,1
DA:130,2
DA:134,1
LF:52
LH:44
BRDA:11,0,0,1
BRDA:11,0,1,3
BRDA:25,1,0,3
BRDA:25,1,1,10
BRDA:49,2,0,1
BRDA:49,2,1,3
BRDA:61,3,0,0
BRDA:61,3,1,1
BRDA:61,4,0,1
BRDA:61,4,1,1
BRDA:69,5,0,3
BRDA:69,5,1,2
BRDA:107,6,0,0
BRDA:107,6,1,0
BRDA:115,7,0,0
BRDA:115,7,1,0
BRF:16
BRH:11
end_of_record
TN:
SF:/Users/rafaelrozon/workspace/roseta_stone/js/LinkedList/Node.js
FN:2,(anonymous_0)
FNF:1
FNH:1
FNDA:17,(anonymous_0)
DA:3,17
DA:4,17
DA:8,1
LF:3
LH:3
BRF:0
BRH:0
end_of_record
